[debug] [2021-08-21T09:47:59.302Z] ----------------------------------------------------------------------
[debug] [2021-08-21T09:47:59.304Z] Command:       C:\Program Files\nodejs\node.exe C:\Users\inaotomba_design\AppData\Roaming\npm\node_modules\firebase-tools\lib\bin\firebase.js init
[debug] [2021-08-21T09:47:59.304Z] CLI Version:   9.16.5
[debug] [2021-08-21T09:47:59.304Z] Platform:      win32
[debug] [2021-08-21T09:47:59.304Z] Node Version:  v14.16.0
[debug] [2021-08-21T09:47:59.305Z] Time:          Sat Aug 21 2021 02:47:59 GMT-0700 (Pacific Daylight Time)
[debug] [2021-08-21T09:47:59.306Z] ----------------------------------------------------------------------
[debug] 
[debug] [2021-08-21T09:47:59.313Z] > command requires scopes: ["email","openid","https://www.googleapis.com/auth/cloudplatformprojects.readonly","https://www.googleapis.com/auth/firebase","https://www.googleapis.com/auth/cloud-platform"]
[debug] [2021-08-21T09:47:59.313Z] > authorizing via signed-in user (aarkewilliam1@gmail.com)
[info] 
     ######## #### ########  ######## ########     ###     ######  ########
     ##        ##  ##     ## ##       ##     ##  ##   ##  ##       ##
     ######    ##  ########  ######   ########  #########  ######  ######
     ##        ##  ##    ##  ##       ##     ## ##     ##       ## ##
     ##       #### ##     ## ######## ########  ##     ##  ######  ########

You're about to initialize a Firebase project in this directory:

  D:\react_project\2_image_slide\image-slider

[info] 
=== Project Setup
[info] 
[info] First, let's associate this project directory with a Firebase project.
[info] You can create multiple project aliases by running firebase use --add, 
[info] but for now we'll just set up a default project.
[info] 
[debug] [2021-08-21T09:48:11.466Z] >>> [apiv2][query] GET https://firebase.googleapis.com/v1beta1/projects pageSize=100
[debug] [2021-08-21T09:48:12.626Z] <<< [apiv2][status] GET https://firebase.googleapis.com/v1beta1/projects 200
[debug] [2021-08-21T09:48:12.626Z] <<< [apiv2][body] GET https://firebase.googleapis.com/v1beta1/projects [omitted]
[info] i  Using project react-hooks-update-690d1 (react-hooks-update) 
[info] 
=== Hosting Setup
[info] 
[info] Your public directory is the folder (relative to your project directory) that
[info] will contain Hosting assets to be uploaded with firebase deploy. If you
[info] have a build process for your assets, use your build's output directory.
[info] 
[debug] [2021-08-21T09:48:25.438Z] >>> [apiv2][query] GET https://www.gstatic.com/firebasejs/releases.json [none]
[debug] [2021-08-21T09:48:26.217Z] <<< [apiv2][status] GET https://www.gstatic.com/firebasejs/releases.json 200
[debug] [2021-08-21T09:48:26.218Z] <<< [apiv2][body] GET https://www.gstatic.com/firebasejs/releases.json {"current":{"version":"8.10.0","browserURL":"https://www.gstatic.com/firebasejs/8.10.0/firebase.js","packageURL":"https://www.gstatic.com/firebasejs/8.10.0/firebase.tgz"},"live":{"version":"8.10","browserURL":"https://www.gstatic.com/firebasejs/live/8.10/firebase.js","packageURL":"https://www.gstatic.com/firebasejs/live/8.10/firebase.tgz"},"components":{"analytics":"https://www.gstatic.com/firebasejs/8.10.0/firebase-analytics.js","app":"https://www.gstatic.com/firebasejs/8.10.0/firebase-app.js","app-check":"https://www.gstatic.com/firebasejs/8.10.0/firebase-app-check.js","auth":"https://www.gstatic.com/firebasejs/8.10.0/firebase-auth.js","database":"https://www.gstatic.com/firebasejs/8.10.0/firebase-database.js","firestore":"https://www.gstatic.com/firebasejs/8.10.0/firebase-firestore.js","functions":"https://www.gstatic.com/firebasejs/8.10.0/firebase-functions.js","installations":"https://www.gstatic.com/firebasejs/8.10.0/firebase-installations.js","messaging":"https://www.gstatic.com/firebasejs/8.10.0/firebase-messaging.js","storage":"https://www.gstatic.com/firebasejs/8.10.0/firebase-storage.js","performance":"https://www.gstatic.com/firebasejs/8.10.0/firebase-performance.js","remote-config":"https://www.gstatic.com/firebasejs/8.10.0/firebase-remote-config.js","firestore.memory":"https://www.gstatic.com/firebasejs/8.10.0/firebase-firestore.memory.js"}}
[info] +  Wrote build/index.html 
[info] 
[info] i  Detected a .git folder at D:\react_project\2_image_slide\image-slider 
[info] i  Authorizing with GitHub to upload your service account to a GitHub repository's secrets store. 
[info] 
[info] Visit this URL on this device to log in:
[info] https://github.com/login/oauth/authorize?client_id=89cf50f02ac6aaed3484&state=108434329&redirect_uri=http%3A%2F%2Flocalhost%3A9005&scope=read%3Auser%20repo%20public_repo
[info] 
[info] Waiting for authentication...
[debug] [2021-08-21T09:48:27.521Z] >>> HTTP REQUEST POST https://github.com/login/oauth/access_token  
 {"client_id":"89cf50f02ac6aaed3484","client_secret":"3330d14abc895d9a74d5f17cd7a00711fa2c5bf0","code":"18335b444a0921f6e9d2","redirect_uri":"http://localhost:9005","state":"108434329"}
[debug] [2021-08-21T09:48:28.377Z] <<< HTTP RESPONSE 200 {"server":"GitHub.com","date":"Sat, 21 Aug 2021 09:48:28 GMT","content-type":"application/json; charset=utf-8","transfer-encoding":"chunked","vary":"X-PJAX, Accept-Encoding, Accept, X-Requested-With","permissions-policy":"interest-cohort=()","etag":"W/\"c9e31a04b8dbc736b356230bdcba8379\"","cache-control":"max-age=0, private, must-revalidate","strict-transport-security":"max-age=31536000; includeSubdomains; preload","x-frame-options":"deny","x-content-type-options":"nosniff","x-xss-protection":"0","referrer-policy":"origin-when-cross-origin, strict-origin-when-cross-origin","expect-ct":"max-age=2592000, report-uri=\"https://api.github.com/_private/browser/errors\"","content-security-policy":"default-src 'none'; base-uri 'self'; block-all-mixed-content; connect-src 'self' uploads.github.com www.githubstatus.com collector.githubapp.com api.github.com github-cloud.s3.amazonaws.com github-production-repository-file-5c1aeb.s3.amazonaws.com github-production-upload-manifest-file-7fdce7.s3.amazonaws.com github-production-user-asset-6210df.s3.amazonaws.com cdn.optimizely.com logx.optimizely.com/v1/events translator.github.com wss://alive.github.com; font-src github.githubassets.com; form-action 'self' github.com gist.github.com; frame-ancestors 'none'; frame-src render.githubusercontent.com viewscreen.githubusercontent.com; img-src 'self' data: github.githubassets.com identicons.github.com collector.githubapp.com github-cloud.s3.amazonaws.com secured-user-images.githubusercontent.com/ *.githubusercontent.com; manifest-src 'self'; media-src 'none'; script-src github.githubassets.com; style-src 'unsafe-inline' github.githubassets.com; worker-src github.com/socket-worker-3f088aa2.js gist.github.com/socket-worker-3f088aa2.js","x-github-request-id":"F176:55B4:68F5B5:806487:6120CBEC"}
[debug] [2021-08-21T09:48:28.384Z] >>> [apiv2][query] GET https://api.github.com/user [none]
[debug] [2021-08-21T09:48:29.229Z] <<< [apiv2][status] GET https://api.github.com/user 200
[debug] [2021-08-21T09:48:29.229Z] <<< [apiv2][body] GET https://api.github.com/user {"login":"inaotomba","id":76777247,"node_id":"MDQ6VXNlcjc2Nzc3MjQ3","avatar_url":"https://avatars.githubusercontent.com/u/76777247?v=4","gravatar_id":"","url":"https://api.github.com/users/inaotomba","html_url":"https://github.com/inaotomba","followers_url":"https://api.github.com/users/inaotomba/followers","following_url":"https://api.github.com/users/inaotomba/following{/other_user}","gists_url":"https://api.github.com/users/inaotomba/gists{/gist_id}","starred_url":"https://api.github.com/users/inaotomba/starred{/owner}{/repo}","subscriptions_url":"https://api.github.com/users/inaotomba/subscriptions","organizations_url":"https://api.github.com/users/inaotomba/orgs","repos_url":"https://api.github.com/users/inaotomba/repos","events_url":"https://api.github.com/users/inaotomba/events{/privacy}","received_events_url":"https://api.github.com/users/inaotomba/received_events","type":"User","site_admin":false,"name":null,"company":null,"blog":"","location":null,"email":null,"hireable":null,"bio":null,"twitter_username":null,"public_repos":2,"public_gists":0,"followers":0,"following":0,"created_at":"2020-12-30T12:00:07Z","updated_at":"2021-06-13T13:17:41Z","private_gists":0,"total_private_repos":0,"owned_private_repos":0,"disk_usage":456,"collaborators":0,"two_factor_authentication":false,"plan":{"name":"free","space":976562499,"collaborators":0,"private_repos":10000}}
[info] 
[info] +  Success! Logged into GitHub as inaotomba 
[info] 
[debug] [2021-08-21T09:49:42.903Z] >>> [apiv2][query] GET https://api.github.com/repos/uer/repositiory/actions/secrets/public-key type=owner
[debug] [2021-08-21T09:49:43.493Z] <<< [apiv2][status] GET https://api.github.com/repos/uer/repositiory/actions/secrets/public-key 404
[debug] [2021-08-21T09:49:43.494Z] <<< [apiv2][body] GET https://api.github.com/repos/uer/repositiory/actions/secrets/public-key {"message":"Not Found","documentation_url":"https://docs.github.com/rest/reference/actions#get-a-repository-public-key"}
[debug] [2021-08-21T09:49:44.582Z] >>> [apiv2][query] GET https://api.github.com/repos//actions/secrets/public-key type=owner
[debug] [2021-08-21T09:49:45.523Z] <<< [apiv2][status] GET https://api.github.com/repos//actions/secrets/public-key 404
[debug] [2021-08-21T09:49:45.523Z] <<< [apiv2][body] GET https://api.github.com/repos//actions/secrets/public-key {"message":"Not Found","documentation_url":"https://docs.github.com/rest"}
